INFO 2025-04-13 12:35:19,421 autoreload 9736 16484 Watching for file changes with StatReloader
INFO 2025-04-13 12:35:26,844 basehttp 9736 16580 "GET / HTTP/1.1" 200 24413
INFO 2025-04-13 12:35:26,927 basehttp 9736 16580 "GET /static/css/index.css HTTP/1.1" 304 0
INFO 2025-04-13 12:35:26,928 basehttp 9736 15568 "GET /static/js/main.js HTTP/1.1" 304 0
INFO 2025-04-13 12:35:26,950 basehttp 9736 16580 "GET /static/js/registr.js HTTP/1.1" 304 0
INFO 2025-04-13 12:35:26,950 basehttp 9736 15568 "GET /static/js/timer.js HTTP/1.1" 304 0
INFO 2025-04-13 12:35:27,049 basehttp 9736 17832 "GET / HTTP/1.1" 200 24413
WARNING 2025-04-13 12:35:27,315 log 9736 16580 Not Found: /favicon.ico
WARNING 2025-04-13 12:35:27,316 basehttp 9736 16580 "GET /favicon.ico HTTP/1.1" 404 4106
INFO 2025-04-13 12:36:03,554 basehttp 9736 16580 "GET /male-standards/ HTTP/1.1" 200 40412
INFO 2025-04-13 12:36:03,591 basehttp 9736 17832 "GET /male-standards/ HTTP/1.1" 200 40412
INFO 2025-04-13 12:36:07,066 basehttp 9736 16580 "GET /female-standards/ HTTP/1.1" 200 39519
INFO 2025-04-13 12:36:07,100 basehttp 9736 17832 "GET /female-standards/ HTTP/1.1" 200 39519
INFO 2025-04-13 12:36:07,501 basehttp 9736 16580 "GET /static/images/%D0%9F%D1%80%D0%BE,%20%D0%B6%D0%B8%D0%BC%20%D0%BB%D0%B5%D0%B6%D0%B0%20%D1%81%D0%BE%D1%84%D1%82%20%D1%8D%D0%BA%D0%B8%D0%BF%D0%B8%D1%80%D0%BE%D0%B2%D0%BA%D0%B0%20%D0%BE%D0%B4%D0%BD%D0%BE%D0%BF%D0%B5%D1%82%D0%B5%D0%BB%D1%8C%D0%BD%D0%B0%D1%8F.jpg HTTP/1.1" 200 92309
INFO 2025-04-13 12:36:07,505 basehttp 9736 16580 "GET /static/images/%D0%9F%D1%80%D0%BE%20%D0%B6%D0%B8%D0%BC%20%D0%BB%D0%B5%D0%B6%D0%B0,%20%D0%B1%D0%B5%D0%B7%20%D1%8D%D0%BA%D0%B8%D0%BF.jpg HTTP/1.1" 200 90782
INFO 2025-04-13 12:36:07,512 basehttp 9736 16580 "GET /static/images/%D1%81%D1%82%D0%B0%D0%BD%D0%BE%D0%B2%D0%B0%D1%8F%20%D1%82%D1%8F%D0%B3%D0%B0%20%D0%B1%D0%B5%D0%B7%20%D1%8D%D0%BA%D0%B8%D0%BF.jpg HTTP/1.1" 200 54904
INFO 2025-04-13 12:36:07,513 basehttp 9736 20592 "GET /static/images/%D0%9F%D1%80%D0%BE,%20%D1%81%D0%B8%D0%BB%D0%BE%D0%B2%D0%BE%D0%B5%20%D0%B4%D0%B2%D0%BE%D0%B5%D0%B1%D0%BE%D1%80%D1%8C%D0%B5.jpg HTTP/1.1" 200 90474
INFO 2025-04-13 12:36:07,518 basehttp 9736 16580 "GET /static/images/%D1%81%D0%B8%D0%BB%D0%BE%D0%B2%D0%BE%D0%B5%20%D0%B4%D0%B2%D0%BE%D0%B5%D0%B1%D0%BE%D1%80%D1%8C%D0%B5.jpg HTTP/1.1" 200 58594
WARNING 2025-04-13 12:36:07,564 basehttp 9736 20592 "GET /static/images/%D1%81%D1%82%D1%80%D0%BE%D0%B3%D0%B8%D0%B9%20%D0%BF%D0%BE%D0%B4%D1%8A%D0%B5%D0%BC%20%D0%BD%D0%B0%20%D0%B1%D0%B8%D1%86%D0%B5%D0%BF%D1%81%20%D0%BB%D1%8E%D0%B1%D0%B8%D1%82%D0%B5%D0%BB%D0%B8.jpg HTTP/1.1" 404 2157
INFO 2025-04-13 12:36:07,566 basehttp 9736 16580 "GET /static/images/%D0%BD%D0%B0%D1%80%D0%BE%D0%B4%D0%BD%D1%8B%D0%B9%20%D0%B1%D0%B8%D1%86%D0%B5%D0%BF%D1%81%20%D0%BF%D1%80%D0%BE.jpg HTTP/1.1" 200 43876
WARNING 2025-04-13 12:36:07,575 basehttp 9736 20640 "GET /static/images/%D0%B6%D0%B8%D0%BC%20%D0%BB%D0%B5%D0%B6%D0%B0%20%D1%81%D0%BE%D1%84%D1%82%20%D1%8D%D0%BA%D0%B8%D0%BF.jpg HTTP/1.1" 404 2012
WARNING 2025-04-13 12:36:07,581 basehttp 9736 16580 "GET /static/images/%D0%BD%D0%B0%D1%80%D0%BE%D0%B4%D0%BD%D1%8B%D0%B9%20%D0%B6%D0%B8%D0%BC.jpg HTTP/1.1" 404 1962
INFO 2025-04-13 12:36:07,584 basehttp 9736 15568 "GET /static/images/%D0%9F%D1%80%D0%BE,%20%D0%BD%D0%B0%D1%80%D0%BE%D0%B4%D0%BD%D1%8B%D0%B9%20%D0%B1%D0%B8%D1%86%D0%B5%D0%BF%D1%81.jpg HTTP/1.1" 200 70187
INFO 2025-04-13 12:36:07,586 basehttp 9736 20644 "GET /static/images/%D0%90%D1%80%D0%BC%D0%BB%D0%B8%D1%84%D1%82%D0%B8%D0%BD%D0%B3.jpg HTTP/1.1" 200 67753
INFO 2025-04-13 12:36:07,600 basehttp 9736 20596 "GET /static/images/%D0%9F%D1%80%D0%BE,%20%D1%81%D1%82%D0%B0%D0%BD%D0%BE%D0%B2%D0%B0%D1%8F%20%D1%82%D1%8F%D0%B3%D0%B0%20%D0%B1%D0%B5%D0%B7%20%D1%8D%D0%BA%D0%B8%D0%BF.jpg HTTP/1.1" 200 97650
INFO 2025-04-13 12:36:07,606 basehttp 9736 20588 "GET /static/images/%D0%9F%D1%80%D0%BE,%20%D1%81%D1%82%D1%80%D0%BE%D0%B3%D0%B8%D0%B9%20%D0%BF%D0%BE%D0%B4%D1%8C%D0%B5%D0%BC%20%D0%BD%D0%B0%20%D0%B1%D0%B8%D1%86%D0%B5%D0%BF%D1%81.jpg HTTP/1.1" 200 81833
INFO 2025-04-13 12:36:07,611 basehttp 9736 20600 "GET /static/images/%D0%9F%D1%80%D0%BE,%20%D0%B2%D0%BE%D0%B5%D0%BD%D0%BD%D1%8B%D0%B9%20%D0%BD%D0%B0%D1%80%D0%BE%D0%B4%D0%BD%D1%8B%D0%B9%20%D0%B6%D0%B8%D0%BC.jpg HTTP/1.1" 200 79270
INFO 2025-04-13 12:36:08,665 basehttp 9736 20600 "GET /disciplines/ HTTP/1.1" 200 4076
INFO 2025-04-13 12:36:08,679 basehttp 9736 20600 "GET /static/css/disciplines.css HTTP/1.1" 304 0
WARNING 2025-04-13 12:36:08,694 basehttp 9736 20600 "GET /static/images/sprint.jpg HTTP/1.1" 404 1865
WARNING 2025-04-13 12:36:08,695 basehttp 9736 20588 "GET /static/images/long-jump.jpg HTTP/1.1" 404 1874
INFO 2025-04-13 12:36:08,706 basehttp 9736 17832 "GET /disciplines/ HTTP/1.1" 200 4076
WARNING 2025-04-13 12:36:08,707 basehttp 9736 20596 "GET /static/images/javelin.jpg HTTP/1.1" 404 1868
ERROR 2025-04-13 12:36:11,170 log 9736 20644 Internal Server Error: /participants/
Traceback (most recent call last):
  File "C:\Users\User\Desktop\ÔÂÔ\sport\.venv\Lib\site-packages\django\db\backends\utils.py", line 105, in _execute
    return self.cursor.execute(sql, params)
           ~~~~~~~~~~~~~~~~~~~^^^^^^^^^^^^^
  File "C:\Users\User\Desktop\ÔÂÔ\sport\.venv\Lib\site-packages\django\db\backends\sqlite3\base.py", line 360, in execute
    return super().execute(query, params)
           ~~~~~~~~~~~~~~~^^^^^^^^^^^^^^^
sqlite3.OperationalError: no such table: participants_participant

The above exception was the direct cause of the following exception:

Traceback (most recent call last):
  File "C:\Users\User\Desktop\ÔÂÔ\sport\.venv\Lib\site-packages\django\core\handlers\exception.py", line 55, in inner
    response = get_response(request)
  File "C:\Users\User\Desktop\ÔÂÔ\sport\.venv\Lib\site-packages\django\core\handlers\base.py", line 197, in _get_response
    response = wrapped_callback(request, *callback_args, **callback_kwargs)
  File "C:\Users\User\Desktop\ÔÂÔ\sport\SportBackend\participants\views.py", line 16, in participants_list
    return render(request, 'main/spisok.html', {'participants': participants})
  File "C:\Users\User\Desktop\ÔÂÔ\sport\.venv\Lib\site-packages\django\shortcuts.py", line 25, in render
    content = loader.render_to_string(template_name, context, request, using=using)
  File "C:\Users\User\Desktop\ÔÂÔ\sport\.venv\Lib\site-packages\django\template\loader.py", line 62, in render_to_string
    return template.render(context, request)
           ~~~~~~~~~~~~~~~^^^^^^^^^^^^^^^^^^
  File "C:\Users\User\Desktop\ÔÂÔ\sport\.venv\Lib\site-packages\django\template\backends\django.py", line 107, in render
    return self.template.render(context)
           ~~~~~~~~~~~~~~~~~~~~^^^^^^^^^
  File "C:\Users\User\Desktop\ÔÂÔ\sport\.venv\Lib\site-packages\django\template\base.py", line 171, in render
    return self._render(context)
           ~~~~~~~~~~~~^^^^^^^^^
  File "C:\Users\User\Desktop\ÔÂÔ\sport\.venv\Lib\site-packages\django\template\base.py", line 163, in _render
    return self.nodelist.render(context)
           ~~~~~~~~~~~~~~~~~~~~^^^^^^^^^
  File "C:\Users\User\Desktop\ÔÂÔ\sport\.venv\Lib\site-packages\django\template\base.py", line 1016, in render
    return SafeString("".join([node.render_annotated(context) for node in self]))
                               ~~~~~~~~~~~~~~~~~~~~~^^^^^^^^^
  File "C:\Users\User\Desktop\ÔÂÔ\sport\.venv\Lib\site-packages\django\template\base.py", line 977, in render_annotated
    return self.render(context)
           ~~~~~~~~~~~^^^^^^^^^
  File "C:\Users\User\Desktop\ÔÂÔ\sport\.venv\Lib\site-packages\django\template\loader_tags.py", line 159, in render
    return compiled_parent._render(context)
           ~~~~~~~~~~~~~~~~~~~~~~~^^^^^^^^^
  File "C:\Users\User\Desktop\ÔÂÔ\sport\.venv\Lib\site-packages\django\template\base.py", line 163, in _render
    return self.nodelist.render(context)
           ~~~~~~~~~~~~~~~~~~~~^^^^^^^^^
  File "C:\Users\User\Desktop\ÔÂÔ\sport\.venv\Lib\site-packages\django\template\base.py", line 1016, in render
    return SafeString("".join([node.render_annotated(context) for node in self]))
                               ~~~~~~~~~~~~~~~~~~~~~^^^^^^^^^
  File "C:\Users\User\Desktop\ÔÂÔ\sport\.venv\Lib\site-packages\django\template\base.py", line 977, in render_annotated
    return self.render(context)
           ~~~~~~~~~~~^^^^^^^^^
  File "C:\Users\User\Desktop\ÔÂÔ\sport\.venv\Lib\site-packages\django\template\loader_tags.py", line 65, in render
    result = block.nodelist.render(context)
  File "C:\Users\User\Desktop\ÔÂÔ\sport\.venv\Lib\site-packages\django\template\base.py", line 1016, in render
    return SafeString("".join([node.render_annotated(context) for node in self]))
                               ~~~~~~~~~~~~~~~~~~~~~^^^^^^^^^
  File "C:\Users\User\Desktop\ÔÂÔ\sport\.venv\Lib\site-packages\django\template\base.py", line 977, in render_annotated
    return self.render(context)
           ~~~~~~~~~~~^^^^^^^^^
  File "C:\Users\User\Desktop\ÔÂÔ\sport\.venv\Lib\site-packages\django\template\defaulttags.py", line 199, in render
    len_values = len(values)
  File "C:\Users\User\Desktop\ÔÂÔ\sport\.venv\Lib\site-packages\django\db\models\query.py", line 366, in __len__
    self._fetch_all()
    ~~~~~~~~~~~~~~~^^
  File "C:\Users\User\Desktop\ÔÂÔ\sport\.venv\Lib\site-packages\django\db\models\query.py", line 1935, in _fetch_all
    self._result_cache = list(self._iterable_class(self))
                         ~~~~^^^^^^^^^^^^^^^^^^^^^^^^^^^^
  File "C:\Users\User\Desktop\ÔÂÔ\sport\.venv\Lib\site-packages\django\db\models\query.py", line 91, in __iter__
    results = compiler.execute_sql(
        chunked_fetch=self.chunked_fetch, chunk_size=self.chunk_size
    )
  File "C:\Users\User\Desktop\ÔÂÔ\sport\.venv\Lib\site-packages\django\db\models\sql\compiler.py", line 1622, in execute_sql
    cursor.execute(sql, params)
    ~~~~~~~~~~~~~~^^^^^^^^^^^^^
  File "C:\Users\User\Desktop\ÔÂÔ\sport\.venv\Lib\site-packages\django\db\backends\utils.py", line 122, in execute
    return super().execute(sql, params)
           ~~~~~~~~~~~~~~~^^^^^^^^^^^^^
  File "C:\Users\User\Desktop\ÔÂÔ\sport\.venv\Lib\site-packages\django\db\backends\utils.py", line 79, in execute
    return self._execute_with_wrappers(
           ~~~~~~~~~~~~~~~~~~~~~~~~~~~^
        sql, params, many=False, executor=self._execute
        ^^^^^^^^^^^^^^^^^^^^^^^^^^^^^^^^^^^^^^^^^^^^^^^
    )
    ^
  File "C:\Users\User\Desktop\ÔÂÔ\sport\.venv\Lib\site-packages\django\db\backends\utils.py", line 92, in _execute_with_wrappers
    return executor(sql, params, many, context)
  File "C:\Users\User\Desktop\ÔÂÔ\sport\.venv\Lib\site-packages\django\db\backends\utils.py", line 100, in _execute
    with self.db.wrap_database_errors:
         ^^^^^^^^^^^^^^^^^^^^^^^^^^^^
  File "C:\Users\User\Desktop\ÔÂÔ\sport\.venv\Lib\site-packages\django\db\utils.py", line 91, in __exit__
    raise dj_exc_value.with_traceback(traceback) from exc_value
  File "C:\Users\User\Desktop\ÔÂÔ\sport\.venv\Lib\site-packages\django\db\backends\utils.py", line 105, in _execute
    return self.cursor.execute(sql, params)
           ~~~~~~~~~~~~~~~~~~~^^^^^^^^^^^^^
  File "C:\Users\User\Desktop\ÔÂÔ\sport\.venv\Lib\site-packages\django\db\backends\sqlite3\base.py", line 360, in execute
    return super().execute(query, params)
           ~~~~~~~~~~~~~~~^^^^^^^^^^^^^^^
django.db.utils.OperationalError: no such table: participants_participant
ERROR 2025-04-13 12:36:11,238 basehttp 9736 20644 "GET /participants/ HTTP/1.1" 500 206427
ERROR 2025-04-13 12:36:11,313 log 9736 17832 Internal Server Error: /participants/
Traceback (most recent call last):
  File "C:\Users\User\Desktop\ÔÂÔ\sport\.venv\Lib\site-packages\django\db\backends\utils.py", line 105, in _execute
    return self.cursor.execute(sql, params)
           ~~~~~~~~~~~~~~~~~~~^^^^^^^^^^^^^
  File "C:\Users\User\Desktop\ÔÂÔ\sport\.venv\Lib\site-packages\django\db\backends\sqlite3\base.py", line 360, in execute
    return super().execute(query, params)
           ~~~~~~~~~~~~~~~^^^^^^^^^^^^^^^
sqlite3.OperationalError: no such table: participants_participant

The above exception was the direct cause of the following exception:

Traceback (most recent call last):
  File "C:\Users\User\Desktop\ÔÂÔ\sport\.venv\Lib\site-packages\django\core\handlers\exception.py", line 55, in inner
    response = get_response(request)
  File "C:\Users\User\Desktop\ÔÂÔ\sport\.venv\Lib\site-packages\django\core\handlers\base.py", line 197, in _get_response
    response = wrapped_callback(request, *callback_args, **callback_kwargs)
  File "C:\Users\User\Desktop\ÔÂÔ\sport\SportBackend\participants\views.py", line 16, in participants_list
    return render(request, 'main/spisok.html', {'participants': participants})
  File "C:\Users\User\Desktop\ÔÂÔ\sport\.venv\Lib\site-packages\django\shortcuts.py", line 25, in render
    content = loader.render_to_string(template_name, context, request, using=using)
  File "C:\Users\User\Desktop\ÔÂÔ\sport\.venv\Lib\site-packages\django\template\loader.py", line 62, in render_to_string
    return template.render(context, request)
           ~~~~~~~~~~~~~~~^^^^^^^^^^^^^^^^^^
  File "C:\Users\User\Desktop\ÔÂÔ\sport\.venv\Lib\site-packages\django\template\backends\django.py", line 107, in render
    return self.template.render(context)
           ~~~~~~~~~~~~~~~~~~~~^^^^^^^^^
  File "C:\Users\User\Desktop\ÔÂÔ\sport\.venv\Lib\site-packages\django\template\base.py", line 171, in render
    return self._render(context)
           ~~~~~~~~~~~~^^^^^^^^^
  File "C:\Users\User\Desktop\ÔÂÔ\sport\.venv\Lib\site-packages\django\template\base.py", line 163, in _render
    return self.nodelist.render(context)
           ~~~~~~~~~~~~~~~~~~~~^^^^^^^^^
  File "C:\Users\User\Desktop\ÔÂÔ\sport\.venv\Lib\site-packages\django\template\base.py", line 1016, in render
    return SafeString("".join([node.render_annotated(context) for node in self]))
                               ~~~~~~~~~~~~~~~~~~~~~^^^^^^^^^
  File "C:\Users\User\Desktop\ÔÂÔ\sport\.venv\Lib\site-packages\django\template\base.py", line 977, in render_annotated
    return self.render(context)
           ~~~~~~~~~~~^^^^^^^^^
  File "C:\Users\User\Desktop\ÔÂÔ\sport\.venv\Lib\site-packages\django\template\loader_tags.py", line 159, in render
    return compiled_parent._render(context)
           ~~~~~~~~~~~~~~~~~~~~~~~^^^^^^^^^
  File "C:\Users\User\Desktop\ÔÂÔ\sport\.venv\Lib\site-packages\django\template\base.py", line 163, in _render
    return self.nodelist.render(context)
           ~~~~~~~~~~~~~~~~~~~~^^^^^^^^^
  File "C:\Users\User\Desktop\ÔÂÔ\sport\.venv\Lib\site-packages\django\template\base.py", line 1016, in render
    return SafeString("".join([node.render_annotated(context) for node in self]))
                               ~~~~~~~~~~~~~~~~~~~~~^^^^^^^^^
  File "C:\Users\User\Desktop\ÔÂÔ\sport\.venv\Lib\site-packages\django\template\base.py", line 977, in render_annotated
    return self.render(context)
           ~~~~~~~~~~~^^^^^^^^^
  File "C:\Users\User\Desktop\ÔÂÔ\sport\.venv\Lib\site-packages\django\template\loader_tags.py", line 65, in render
    result = block.nodelist.render(context)
  File "C:\Users\User\Desktop\ÔÂÔ\sport\.venv\Lib\site-packages\django\template\base.py", line 1016, in render
    return SafeString("".join([node.render_annotated(context) for node in self]))
                               ~~~~~~~~~~~~~~~~~~~~~^^^^^^^^^
  File "C:\Users\User\Desktop\ÔÂÔ\sport\.venv\Lib\site-packages\django\template\base.py", line 977, in render_annotated
    return self.render(context)
           ~~~~~~~~~~~^^^^^^^^^
  File "C:\Users\User\Desktop\ÔÂÔ\sport\.venv\Lib\site-packages\django\template\defaulttags.py", line 199, in render
    len_values = len(values)
  File "C:\Users\User\Desktop\ÔÂÔ\sport\.venv\Lib\site-packages\django\db\models\query.py", line 366, in __len__
    self._fetch_all()
    ~~~~~~~~~~~~~~~^^
  File "C:\Users\User\Desktop\ÔÂÔ\sport\.venv\Lib\site-packages\django\db\models\query.py", line 1935, in _fetch_all
    self._result_cache = list(self._iterable_class(self))
                         ~~~~^^^^^^^^^^^^^^^^^^^^^^^^^^^^
  File "C:\Users\User\Desktop\ÔÂÔ\sport\.venv\Lib\site-packages\django\db\models\query.py", line 91, in __iter__
    results = compiler.execute_sql(
        chunked_fetch=self.chunked_fetch, chunk_size=self.chunk_size
    )
  File "C:\Users\User\Desktop\ÔÂÔ\sport\.venv\Lib\site-packages\django\db\models\sql\compiler.py", line 1622, in execute_sql
    cursor.execute(sql, params)
    ~~~~~~~~~~~~~~^^^^^^^^^^^^^
  File "C:\Users\User\Desktop\ÔÂÔ\sport\.venv\Lib\site-packages\django\db\backends\utils.py", line 122, in execute
    return super().execute(sql, params)
           ~~~~~~~~~~~~~~~^^^^^^^^^^^^^
  File "C:\Users\User\Desktop\ÔÂÔ\sport\.venv\Lib\site-packages\django\db\backends\utils.py", line 79, in execute
    return self._execute_with_wrappers(
           ~~~~~~~~~~~~~~~~~~~~~~~~~~~^
        sql, params, many=False, executor=self._execute
        ^^^^^^^^^^^^^^^^^^^^^^^^^^^^^^^^^^^^^^^^^^^^^^^
    )
    ^
  File "C:\Users\User\Desktop\ÔÂÔ\sport\.venv\Lib\site-packages\django\db\backends\utils.py", line 92, in _execute_with_wrappers
    return executor(sql, params, many, context)
  File "C:\Users\User\Desktop\ÔÂÔ\sport\.venv\Lib\site-packages\django\db\backends\utils.py", line 100, in _execute
    with self.db.wrap_database_errors:
         ^^^^^^^^^^^^^^^^^^^^^^^^^^^^
  File "C:\Users\User\Desktop\ÔÂÔ\sport\.venv\Lib\site-packages\django\db\utils.py", line 91, in __exit__
    raise dj_exc_value.with_traceback(traceback) from exc_value
  File "C:\Users\User\Desktop\ÔÂÔ\sport\.venv\Lib\site-packages\django\db\backends\utils.py", line 105, in _execute
    return self.cursor.execute(sql, params)
           ~~~~~~~~~~~~~~~~~~~^^^^^^^^^^^^^
  File "C:\Users\User\Desktop\ÔÂÔ\sport\.venv\Lib\site-packages\django\db\backends\sqlite3\base.py", line 360, in execute
    return super().execute(query, params)
           ~~~~~~~~~~~~~~~^^^^^^^^^^^^^^^
django.db.utils.OperationalError: no such table: participants_participant
ERROR 2025-04-13 12:36:11,329 basehttp 9736 17832 "GET /participants/ HTTP/1.1" 500 205465
INFO 2025-04-13 12:37:38,872 basehttp 9736 20644 "GET /participants/ HTTP/1.1" 200 8884
INFO 2025-04-13 12:37:38,895 basehttp 9736 15568 "GET /static/css/all.css HTTP/1.1" 200 3136
INFO 2025-04-13 12:37:38,896 basehttp 9736 20644 "GET /static/css/index.css HTTP/1.1" 200 20079
INFO 2025-04-13 12:37:38,896 basehttp 9736 18916 "GET /static/images/%D0%B8%D0%BA%D0%BE%D0%BD%D0%BA%D0%B0.jpg HTTP/1.1" 200 40370
INFO 2025-04-13 12:37:38,897 basehttp 9736 18932 "GET /static/js/main.js HTTP/1.1" 200 429
INFO 2025-04-13 12:37:39,113 basehttp 9736 17832 "GET /participants/ HTTP/1.1" 200 8884
WARNING 2025-04-13 12:37:39,600 log 9736 18932 Not Found: /favicon.ico
WARNING 2025-04-13 12:37:39,601 basehttp 9736 18932 "GET /favicon.ico HTTP/1.1" 404 4106
INFO 2025-04-13 12:38:07,757 basehttp 9736 18932 "GET / HTTP/1.1" 200 24413
INFO 2025-04-13 12:38:07,773 basehttp 9736 18932 "GET /static/js/registr.js HTTP/1.1" 304 0
INFO 2025-04-13 12:38:07,785 basehttp 9736 17832 "GET / HTTP/1.1" 200 24413
INFO 2025-04-13 12:38:16,093 basehttp 9736 18932 "GET /participants/registration/ HTTP/1.1" 200 13464
INFO 2025-04-13 12:38:16,141 basehttp 9736 17832 "GET /participants/registration/ HTTP/1.1" 200 13464
INFO 2025-04-13 12:38:25,414 views 9736 18932 Ïîëó÷åíû äàííûå: {'name': '÷àï', 'phone_number': '+996550579567', 'city': 'áèøêåê', 'weight_category': 50, 'age': 60, 'discipline': 'ïîí'}
INFO 2025-04-13 12:38:25,446 views 9736 18932 Ó÷àñòíèê óñïåøíî ñîõðàíåí: ÷àï - ïîí
INFO 2025-04-13 12:38:25,447 basehttp 9736 18932 "POST /participants/api/register/ HTTP/1.1" 200 200
INFO 2025-04-13 12:38:27,467 basehttp 9736 18932 "GET /participants/ HTTP/1.1" 200 9291
INFO 2025-04-13 12:38:27,502 basehttp 9736 17832 "GET /participants/ HTTP/1.1" 200 9291
INFO 2025-04-13 12:38:31,130 basehttp 9736 18932 "GET /male-standards/ HTTP/1.1" 200 40412
INFO 2025-04-13 12:38:31,159 basehttp 9736 17832 "GET /male-standards/ HTTP/1.1" 200 40412
INFO 2025-04-13 12:38:33,941 basehttp 9736 18932 "GET /female-standards/ HTTP/1.1" 200 39519
WARNING 2025-04-13 12:38:33,964 basehttp 9736 18932 "GET /static/images/%D1%81%D1%82%D1%80%D0%BE%D0%B3%D0%B8%D0%B9%20%D0%BF%D0%BE%D0%B4%D1%8A%D0%B5%D0%BC%20%D0%BD%D0%B0%20%D0%B1%D0%B8%D1%86%D0%B5%D0%BF%D1%81%20%D0%BB%D1%8E%D0%B1%D0%B8%D1%82%D0%B5%D0%BB%D0%B8.jpg HTTP/1.1" 404 2157
WARNING 2025-04-13 12:38:33,971 basehttp 9736 18916 "GET /static/images/%D0%B6%D0%B8%D0%BC%20%D0%BB%D0%B5%D0%B6%D0%B0%20%D1%81%D0%BE%D1%84%D1%82%20%D1%8D%D0%BA%D0%B8%D0%BF.jpg HTTP/1.1" 404 2012
INFO 2025-04-13 12:38:33,971 basehttp 9736 17832 "GET /female-standards/ HTTP/1.1" 200 39519
WARNING 2025-04-13 12:38:33,976 basehttp 9736 20644 "GET /static/images/%D0%BD%D0%B0%D1%80%D0%BE%D0%B4%D0%BD%D1%8B%D0%B9%20%D0%B6%D0%B8%D0%BC.jpg HTTP/1.1" 404 1962
INFO 2025-04-13 12:38:35,717 basehttp 9736 15568 "GET /disciplines/ HTTP/1.1" 200 4076
INFO 2025-04-13 12:38:35,751 basehttp 9736 15568 "GET /static/css/disciplines.css HTTP/1.1" 304 0
WARNING 2025-04-13 12:38:35,751 basehttp 9736 21040 "GET /static/images/sprint.jpg HTTP/1.1" 404 1865
WARNING 2025-04-13 12:38:35,755 basehttp 9736 21036 "GET /static/images/long-jump.jpg HTTP/1.1" 404 1874
WARNING 2025-04-13 12:38:35,764 basehttp 9736 15568 "GET /static/images/javelin.jpg HTTP/1.1" 404 1868
INFO 2025-04-13 12:38:35,766 basehttp 9736 17832 "GET /disciplines/ HTTP/1.1" 200 4076
INFO 2025-04-13 12:38:37,519 basehttp 9736 21012 "GET /participants/ HTTP/1.1" 200 9291
INFO 2025-04-13 12:38:37,548 basehttp 9736 17832 "GET /participants/ HTTP/1.1" 200 9291
INFO 2025-04-13 12:38:39,074 basehttp 9736 21012 "GET / HTTP/1.1" 200 24413
INFO 2025-04-13 12:38:39,103 basehttp 9736 17832 "GET / HTTP/1.1" 200 24413
INFO 2025-04-13 12:40:04,067 autoreload 13428 13400 Watching for file changes with StatReloader
INFO 2025-04-13 12:40:08,041 basehttp 13428 11928 "GET /participants/ HTTP/1.1" 200 9291
INFO 2025-04-13 12:40:08,071 basehttp 13428 10084 "GET /participants/ HTTP/1.1" 200 9291
INFO 2025-04-13 12:40:09,508 basehttp 13428 11928 "GET /participants/ HTTP/1.1" 200 9291
INFO 2025-04-13 12:40:09,784 basehttp 13428 11928 "GET /static/css/index.css HTTP/1.1" 200 20079
INFO 2025-04-13 12:40:09,785 basehttp 13428 19336 "GET /static/js/main.js HTTP/1.1" 200 429
INFO 2025-04-13 12:40:09,786 basehttp 13428 8904 "GET /static/css/all.css HTTP/1.1" 200 3136
INFO 2025-04-13 12:40:09,787 basehttp 13428 5132 "GET /static/images/%D0%B8%D0%BA%D0%BE%D0%BD%D0%BA%D0%B0.jpg HTTP/1.1" 200 40370
INFO 2025-04-13 12:40:09,815 basehttp 13428 10084 "GET /participants/ HTTP/1.1" 200 9291
WARNING 2025-04-13 12:40:10,416 log 13428 5132 Not Found: /favicon.ico
WARNING 2025-04-13 12:40:10,417 basehttp 13428 5132 "GET /favicon.ico HTTP/1.1" 404 4106
INFO 2025-04-13 12:42:00,330 autoreload 17872 17892 Watching for file changes with StatReloader
INFO 2025-04-13 12:43:14,560 basehttp 17872 21368 "GET /admin/ HTTP/1.1" 302 0
INFO 2025-04-13 12:43:14,614 basehttp 17872 21368 "GET /admin/login/?next=/admin/ HTTP/1.1" 200 4184
INFO 2025-04-13 12:43:14,870 basehttp 17872 21368 "GET /static/admin/css/base.css HTTP/1.1" 200 22154
INFO 2025-04-13 12:43:15,015 basehttp 17872 16788 "GET /static/admin/css/dark_mode.css HTTP/1.1" 200 2808
INFO 2025-04-13 12:43:15,015 basehttp 17872 17380 "GET /static/admin/css/responsive.css HTTP/1.1" 200 16632
INFO 2025-04-13 12:43:15,017 basehttp 17872 5420 "GET /static/admin/css/nav_sidebar.css HTTP/1.1" 200 2810
INFO 2025-04-13 12:43:15,033 basehttp 17872 20100 "GET /static/admin/css/login.css HTTP/1.1" 200 951
INFO 2025-04-13 12:43:15,036 basehttp 17872 20100 "GET /static/admin/js/nav_sidebar.js HTTP/1.1" 200 3063
INFO 2025-04-13 12:43:15,037 basehttp 17872 20632 "GET /static/admin/js/theme.js HTTP/1.1" 200 1653
INFO 2025-04-13 12:43:15,176 basehttp 17872 14852 "GET /admin/login/?next=/admin/ HTTP/1.1" 200 4184
INFO 2025-04-13 12:43:28,883 basehttp 17872 20632 "POST /admin/login/?next=/admin/ HTTP/1.1" 200 4360
INFO 2025-04-13 12:43:28,914 basehttp 17872 14852 "GET /admin/login/?next=/admin/ HTTP/1.1" 200 4184
INFO 2025-04-13 12:43:58,005 basehttp 17872 20632 "POST /admin/login/?next=/admin/ HTTP/1.1" 200 4360
INFO 2025-04-13 12:43:58,031 basehttp 17872 14852 "GET /admin/login/?next=/admin/ HTTP/1.1" 200 4184
INFO 2025-04-13 12:46:50,859 basehttp 17872 20632 "POST /admin/login/?next=/admin/ HTTP/1.1" 302 0
INFO 2025-04-13 12:46:50,874 basehttp 17872 20632 "GET /admin/ HTTP/1.1" 200 6108
INFO 2025-04-13 12:46:50,886 basehttp 17872 20632 "GET /static/admin/css/dashboard.css HTTP/1.1" 200 441
INFO 2025-04-13 12:46:50,901 basehttp 17872 20100 "GET /static/admin/img/icon-changelink.svg HTTP/1.1" 200 380
INFO 2025-04-13 12:46:50,902 basehttp 17872 20632 "GET /static/admin/img/icon-addlink.svg HTTP/1.1" 200 331
INFO 2025-04-13 12:46:50,902 basehttp 17872 14852 "GET /admin/ HTTP/1.1" 200 6108
INFO 2025-04-13 12:47:15,773 basehttp 17872 20632 "GET / HTTP/1.1" 200 24413
INFO 2025-04-13 12:47:15,843 basehttp 17872 20632 "GET /static/css/index.css HTTP/1.1" 304 0
INFO 2025-04-13 12:47:15,844 basehttp 17872 20100 "GET /static/js/main.js HTTP/1.1" 304 0
INFO 2025-04-13 12:47:15,870 basehttp 17872 20632 "GET /static/js/registr.js HTTP/1.1" 304 0
INFO 2025-04-13 12:47:15,870 basehttp 17872 20100 "GET /static/js/timer.js HTTP/1.1" 304 0
INFO 2025-04-13 12:47:15,957 basehttp 17872 14852 "GET / HTTP/1.1" 200 24413
INFO 2025-04-13 12:47:17,402 basehttp 17872 20100 "GET /participants/ HTTP/1.1" 200 9291
INFO 2025-04-13 12:47:17,427 basehttp 17872 14852 "GET /participants/ HTTP/1.1" 200 9291
INFO 2025-04-13 12:47:25,425 basehttp 17872 20100 "GET /admin/auth/user/add/ HTTP/1.1" 200 12005
INFO 2025-04-13 12:47:25,441 basehttp 17872 20100 "GET /static/admin/css/forms.css HTTP/1.1" 200 8525
INFO 2025-04-13 12:47:25,453 basehttp 17872 17380 "GET /static/admin/js/core.js HTTP/1.1" 200 6208
INFO 2025-04-13 12:47:25,453 basehttp 17872 16788 "GET /static/admin/js/admin/RelatedObjectLookups.js HTTP/1.1" 200 9777
INFO 2025-04-13 12:47:25,455 basehttp 17872 5420 "GET /static/admin/js/jquery.init.js HTTP/1.1" 200 347
INFO 2025-04-13 12:47:25,455 basehttp 17872 21368 "GET /static/admin/js/actions.js HTTP/1.1" 200 8076
INFO 2025-04-13 12:47:25,460 basehttp 17872 17380 "GET /static/admin/css/unusable_password_field.css HTTP/1.1" 200 663
INFO 2025-04-13 12:47:25,461 basehttp 17872 5420 "GET /static/admin/js/prepopulate.js HTTP/1.1" 200 1531
INFO 2025-04-13 12:47:25,461 basehttp 17872 16788 "GET /static/admin/css/widgets.css HTTP/1.1" 200 11991
INFO 2025-04-13 12:47:25,462 basehttp 17872 20100 "GET /admin/jsi18n/ HTTP/1.1" 200 3342
INFO 2025-04-13 12:47:25,464 basehttp 17872 21368 "GET /static/admin/js/urlify.js HTTP/1.1" 200 7887
INFO 2025-04-13 12:47:25,467 basehttp 17872 16788 "GET /static/admin/js/prepopulate_init.js HTTP/1.1" 200 586
INFO 2025-04-13 12:47:25,469 basehttp 17872 20632 "GET /static/admin/js/vendor/jquery/jquery.js HTTP/1.1" 200 285314
INFO 2025-04-13 12:47:25,471 basehttp 17872 17380 "GET /static/admin/js/vendor/xregexp/xregexp.js HTTP/1.1" 200 325171
INFO 2025-04-13 12:47:25,473 basehttp 17872 20632 "GET /static/admin/js/change_form.js HTTP/1.1" 200 606
INFO 2025-04-13 12:47:25,480 basehttp 17872 20632 "GET /static/admin/js/unusable_password_field.js HTTP/1.1" 200 1480
INFO 2025-04-13 12:47:25,528 basehttp 17872 14852 "GET /admin/auth/user/add/ HTTP/1.1" 200 12005
INFO 2025-04-13 12:47:29,624 basehttp 17872 20632 "GET /admin/auth/group/add/ HTTP/1.1" 200 11739
INFO 2025-04-13 12:47:29,639 basehttp 17872 20632 "GET /admin/jsi18n/ HTTP/1.1" 200 3342
INFO 2025-04-13 12:47:29,641 basehttp 17872 17380 "GET /static/admin/js/SelectBox.js HTTP/1.1" 200 4530
INFO 2025-04-13 12:47:29,641 basehttp 17872 16788 "GET /static/admin/js/SelectFilter2.js HTTP/1.1" 200 15709
INFO 2025-04-13 12:47:29,683 basehttp 17872 14852 "GET /admin/auth/group/add/ HTTP/1.1" 200 11739
INFO 2025-04-13 12:47:29,787 basehttp 17872 16788 "GET /static/admin/img/search.svg HTTP/1.1" 200 458
INFO 2025-04-13 12:47:29,788 basehttp 17872 17380 "GET /static/admin/img/selector-icons.svg HTTP/1.1" 200 3291
INFO 2025-04-13 12:47:36,838 basehttp 17872 17380 "GET /admin/ HTTP/1.1" 200 6108
INFO 2025-04-13 12:47:36,869 basehttp 17872 14852 "GET /admin/ HTTP/1.1" 200 6108
INFO 2025-04-13 12:47:40,379 basehttp 17872 17380 "GET / HTTP/1.1" 200 24413
INFO 2025-04-13 12:47:40,412 basehttp 17872 14852 "GET / HTTP/1.1" 200 24413
INFO 2025-04-13 12:47:42,414 basehttp 17872 17380 "GET /admin/ HTTP/1.1" 200 6108
INFO 2025-04-13 12:47:42,492 basehttp 17872 14852 "GET /admin/ HTTP/1.1" 200 6108
INFO 2025-04-13 12:49:18,174 autoreload 12840 4412 Watching for file changes with StatReloader
INFO 2025-04-13 12:49:27,543 basehttp 12840 18192 "GET /admin/ HTTP/1.1" 200 7257
INFO 2025-04-13 12:49:27,800 basehttp 12840 14400 "GET /static/admin/js/theme.js HTTP/1.1" 200 1653
INFO 2025-04-13 12:49:27,828 basehttp 12840 18192 "GET /static/admin/css/base.css HTTP/1.1" 200 22154
INFO 2025-04-13 12:49:27,876 basehttp 12840 3420 "GET /static/admin/css/dark_mode.css HTTP/1.1" 200 2808
INFO 2025-04-13 12:49:27,880 basehttp 12840 3420 "GET /static/admin/js/nav_sidebar.js HTTP/1.1" 200 3063
INFO 2025-04-13 12:49:27,918 basehttp 12840 2700 "GET /static/admin/css/nav_sidebar.css HTTP/1.1" 200 2810
INFO 2025-04-13 12:49:27,952 basehttp 12840 19124 "GET /static/admin/css/dashboard.css HTTP/1.1" 200 441
INFO 2025-04-13 12:49:27,955 basehttp 12840 20732 "GET /static/admin/css/responsive.css HTTP/1.1" 200 16632
INFO 2025-04-13 12:49:27,971 basehttp 12840 20732 "GET /static/admin/img/icon-addlink.svg HTTP/1.1" 200 331
INFO 2025-04-13 12:49:27,972 basehttp 12840 19124 "GET /static/admin/img/icon-changelink.svg HTTP/1.1" 200 380
INFO 2025-04-13 12:49:27,985 basehttp 12840 20836 "GET /admin/ HTTP/1.1" 200 7257
WARNING 2025-04-13 12:49:28,096 log 12840 19124 Not Found: /favicon.ico
WARNING 2025-04-13 12:49:28,097 basehttp 12840 19124 "GET /favicon.ico HTTP/1.1" 404 4106
INFO 2025-04-13 12:49:30,073 basehttp 12840 19124 "GET /admin/participants/participant/add/ HTTP/1.1" 200 12375
INFO 2025-04-13 12:49:30,106 basehttp 12840 19124 "GET /admin/jsi18n/ HTTP/1.1" 200 3342
INFO 2025-04-13 12:49:30,133 basehttp 12840 20836 "GET /admin/participants/participant/add/ HTTP/1.1" 200 12375
INFO 2025-04-13 14:53:32,238 autoreload 5948 292 Watching for file changes with StatReloader
INFO 2025-04-13 14:53:46,683 autoreload 12416 4076 Watching for file changes with StatReloader
INFO 2025-04-13 21:15:45,876 autoreload 11248 2784 Watching for file changes with StatReloader
INFO 2025-04-13 21:15:54,115 basehttp 11248 2380 "GET / HTTP/1.1" 200 24413
INFO 2025-04-13 21:15:54,308 basehttp 11248 11568 "GET /static/css/all.css HTTP/1.1" 200 3136
INFO 2025-04-13 21:15:54,317 basehttp 11248 4716 "GET /static/images/%D0%B8%D0%BA%D0%BE%D0%BD%D0%BA%D0%B0.jpg HTTP/1.1" 200 40370
INFO 2025-04-13 21:15:54,323 basehttp 11248 11208 "GET /static/js/main.js HTTP/1.1" 200 429
INFO 2025-04-13 21:15:54,325 basehttp 11248 2380 "GET /static/css/index.css HTTP/1.1" 200 20079
INFO 2025-04-13 21:15:54,329 basehttp 11248 2448 "GET /static/js/registr.js HTTP/1.1" 200 4777
INFO 2025-04-13 21:15:54,334 basehttp 11248 3708 "GET /static/js/timer.js HTTP/1.1" 200 1667
INFO 2025-04-13 21:16:00,674 basehttp 11248 3708 "GET /male-standards/ HTTP/1.1" 200 40412
INFO 2025-04-13 21:16:00,729 basehttp 11248 2380 "GET /static/images/%D0%9F%D1%80%D0%BE,%20%D1%81%D1%82%D1%80%D0%BE%D0%B3%D0%B8%D0%B9%20%D0%BF%D0%BE%D0%B4%D1%8C%D0%B5%D0%BC%20%D0%BD%D0%B0%20%D0%B1%D0%B8%D1%86%D0%B5%D0%BF%D1%81%20%D0%BC%D1%83%D0%B6.jpg HTTP/1.1" 200 85276
INFO 2025-04-13 21:16:00,730 basehttp 11248 11568 "GET /static/images/%D0%9F%D1%80%D0%BE,%20%D0%B2%D0%BE%D0%B5%D0%BD%D0%BD%D1%8B%D0%B9%20%D0%BD%D0%B0%D1%80%D0%BE%D0%B4%D0%BD%D1%8B%D0%B9%20%D0%B6%D0%B8%D0%BC%20%D0%BC%D1%83%D0%B6.jpg HTTP/1.1" 200 93137
INFO 2025-04-13 21:16:00,730 basehttp 11248 2448 "GET /static/images/%D0%9F%D1%80%D0%BE,%20%D0%BD%D0%B0%D1%80%D0%BE%D0%B4%D0%BD%D1%8B%D0%B9%20%D0%B1%D0%B8%D1%86%D0%B5%D0%BF%D1%81%20%D0%BC%D1%83%D0%B6.jpg HTTP/1.1" 200 83826
INFO 2025-04-13 21:16:00,730 basehttp 11248 3708 "GET /static/images/%D0%9F%D1%80%D0%BE,%20%D0%B6%D0%B8%D0%BC%20%D0%BB%D0%B5%D0%B6%D0%B0%20%D1%81%D0%BE%D1%84%D1%82%20%D1%8D%D0%BA%D0%B8%D0%BF%D0%B8%D1%80%D0%BE%D0%B2%D0%BA%D0%B0%20%D0%BE%D0%B4%D0%BD%D0%BE%D0%BF%D0%B5%D1%82%D0%B5%D0%BB%D1%8C%D0%BD%D0%B0%D1%8F%20%D0%BC%D1%83%D0%B6.jpg HTTP/1.1" 200 126550
INFO 2025-04-13 21:16:00,730 basehttp 11248 4716 "GET /static/images/%D0%9F%D1%80%D0%BE,%20%D1%81%D1%82%D0%B0%D0%BD%D0%BE%D0%B2%D0%B0%D1%8F%20%D1%82%D1%8F%D0%B3%D0%B0%20%D0%B1%D0%B5%D0%B7%20%D1%8D%D0%BA%D0%B8%D0%BF%20%D0%BC%D1%83%D0%B6.jpg HTTP/1.1" 200 119362
INFO 2025-04-13 21:16:00,731 basehttp 11248 11208 "GET /static/images/%D0%9F%D1%80%D0%BE,%20%D1%81%D0%B8%D0%BB%D0%BE%D0%B2%D0%BE%D0%B5%20%D0%B4%D0%B2%D0%BE%D0%B5%D0%B1%D0%BE%D1%80%D1%8C%D0%B5%20%D0%BC%D1%83%D0%B6.jpg HTTP/1.1" 200 113453
INFO 2025-04-13 21:16:00,745 basehttp 11248 2380 "GET /static/images/%D0%BD%D0%B0%D1%80%D0%BE%D0%B4%D0%BD%D1%8B%D0%B9%20%D0%B1%D0%B8%D1%86%D0%B5%D0%BF%D1%81%20%D0%BF%D1%80%D0%BE%20%D0%BC%D1%83%D0%B6.jpg HTTP/1.1" 200 48882
INFO 2025-04-13 21:16:00,746 basehttp 11248 4716 "GET /static/images/%D0%B2%D0%BE%D0%B5%D0%BD%D0%BD%D1%8B%D0%B9.jpg HTTP/1.1" 200 49808
INFO 2025-04-13 21:16:00,747 basehttp 11248 11568 "GET /static/images/%D1%81%D1%82%D1%80%D0%BE%D0%B3%D0%B8%D0%B9%20%D0%BF%D0%BE%D0%B4%D1%8A%D0%B5%D0%BC%20%D0%BD%D0%B0%20%D0%B1%D0%B8%D1%86%D0%B5%D0%BF%D1%81%20%D0%BB%D1%8E%D0%B1%D0%B8%D1%82%D0%B5%D0%BB%D0%B8%20%D0%BC%D1%83%D0%B6.jpg HTTP/1.1" 200 77201
INFO 2025-04-13 21:16:00,747 basehttp 11248 3708 "GET /static/images/%D1%81%D1%82%D0%B0%D0%BD%D0%BE%D0%B2%D0%B0%D1%8F%20%D1%82%D1%8F%D0%B3%D0%B0%20%D0%B1%D0%B5%D0%B7%20%D1%8D%D0%BA%D0%B8%D0%BF%20%D0%BC%D1%83%D0%B6.jpg HTTP/1.1" 200 71059
INFO 2025-04-13 21:16:00,748 basehttp 11248 2448 "GET /static/images/%D1%81%D0%B8%D0%BB%D0%BE%D0%B2%D0%BE%D0%B5%20%D0%B4%D0%B2%D0%BE%D0%B5%D0%B1%D0%BE%D1%80%D1%8C%D0%B5%20%D0%BC%D1%83%D0%B6.jpg HTTP/1.1" 200 78180
INFO 2025-04-13 21:16:00,749 basehttp 11248 11208 "GET /static/images/%D0%9F%D1%80%D0%BE%20%D0%B6%D0%B8%D0%BC%20%D0%BB%D0%B5%D0%B6%D0%B0,%20%D0%B1%D0%B5%D0%B7%20%D1%8D%D0%BA%D0%B8%D0%BF%20%D0%BC%D1%83%D0%B6.jpg HTTP/1.1" 200 118093
INFO 2025-04-13 21:16:00,757 basehttp 11248 3708 "GET /static/images/%D0%BD%D0%B0%D1%80%D0%BE%D0%B4%D0%BD%D1%8B%D0%B9%20%D0%B6%D0%B8%D0%BC%20%D0%BC%D1%83%D0%B6.jpg HTTP/1.1" 200 63786
INFO 2025-04-13 21:16:00,757 basehttp 11248 2448 "GET /static/images/%D0%B6%D0%B8%D0%BC%20%D0%BB%D0%B5%D0%B6%D0%B0%20%D1%81%D0%BE%D1%84%D1%82%20%D1%8D%D0%BA%D0%B8%D0%BF%20%D0%BC%D1%83%D0%B6.jpg HTTP/1.1" 200 62627
INFO 2025-04-13 21:16:00,758 basehttp 11248 11208 "GET /static/images/%D0%90%D1%80%D0%BC%D0%BB%D0%B8%D1%84%D1%82%D0%B8%D0%BD%D0%B3%20%D0%BC%D1%83%D0%B6.jpg HTTP/1.1" 200 66066
WARNING 2025-04-13 21:16:01,094 log 11248 11208 Not Found: /favicon.ico
WARNING 2025-04-13 21:16:01,095 basehttp 11248 11208 "GET /favicon.ico HTTP/1.1" 404 4106
INFO 2025-04-13 21:16:06,138 basehttp 11248 11208 "GET /participants/ HTTP/1.1" 200 9291
INFO 2025-04-13 21:16:12,698 basehttp 11248 11208 "GET /disciplines/ HTTP/1.1" 200 4076
WARNING 2025-04-13 21:16:12,760 basehttp 11248 3708 "GET /static/images/sprint.jpg HTTP/1.1" 404 1865
WARNING 2025-04-13 21:16:12,761 basehttp 11248 11568 "GET /static/images/javelin.jpg HTTP/1.1" 404 1868
INFO 2025-04-13 21:16:12,765 basehttp 11248 11208 "GET /static/css/disciplines.css HTTP/1.1" 200 1684
WARNING 2025-04-13 21:16:12,765 basehttp 11248 2448 "GET /static/images/long-jump.jpg HTTP/1.1" 404 1874
INFO 2025-04-13 21:16:17,049 basehttp 11248 11208 "GET /participants/registration/ HTTP/1.1" 200 13464
INFO 2025-04-13 21:17:52,322 basehttp 11248 11208 "GET / HTTP/1.1" 200 24413
INFO 2025-04-13 21:18:44,373 basehttp 11248 11208 "GET /participants/ HTTP/1.1" 200 9291
INFO 2025-04-13 21:25:33,165 basehttp 11248 8736 "GET /admin/ HTTP/1.1" 302 0
INFO 2025-04-13 21:25:33,229 basehttp 11248 8736 "GET /admin/login/?next=/admin/ HTTP/1.1" 200 4184
INFO 2025-04-13 21:25:33,287 basehttp 11248 8736 "GET /static/admin/css/base.css HTTP/1.1" 200 22154
INFO 2025-04-13 21:25:33,303 basehttp 11248 10220 "GET /static/admin/css/dark_mode.css HTTP/1.1" 200 2808
INFO 2025-04-13 21:25:33,303 basehttp 11248 8736 "GET /static/admin/js/theme.js HTTP/1.1" 200 1653
INFO 2025-04-13 21:25:33,306 basehttp 11248 3344 "GET /static/admin/css/nav_sidebar.css HTTP/1.1" 200 2810
INFO 2025-04-13 21:25:33,308 basehttp 11248 8800 "GET /static/admin/css/login.css HTTP/1.1" 200 951
INFO 2025-04-13 21:25:33,308 basehttp 11248 3360 "GET /static/admin/css/responsive.css HTTP/1.1" 200 16632
INFO 2025-04-13 21:25:33,316 basehttp 11248 8800 "GET /static/admin/js/nav_sidebar.js HTTP/1.1" 200 3063
INFO 2025-04-13 21:25:48,780 basehttp 11248 8800 "POST /admin/login/?next=/admin/ HTTP/1.1" 200 4352
INFO 2025-04-13 21:26:19,718 basehttp 11248 8800 "POST /admin/login/?next=/admin/ HTTP/1.1" 200 4352
INFO 2025-04-13 21:28:47,073 autoreload 4492 12088 Watching for file changes with StatReloader
INFO 2025-04-13 21:29:14,633 basehttp 4492 5340 "GET /admin HTTP/1.1" 301 0
INFO 2025-04-13 21:29:14,655 basehttp 4492 7088 "GET /admin/ HTTP/1.1" 302 0
INFO 2025-04-13 21:29:14,708 basehttp 4492 7088 "GET /admin/login/?next=/admin/ HTTP/1.1" 200 4184
INFO 2025-04-13 21:29:14,749 basehttp 4492 7088 "GET /static/admin/css/base.css HTTP/1.1" 304 0
INFO 2025-04-13 21:29:14,756 basehttp 4492 7088 "GET /static/admin/css/dark_mode.css HTTP/1.1" 304 0
INFO 2025-04-13 21:29:14,765 basehttp 4492 5200 "GET /static/admin/css/nav_sidebar.css HTTP/1.1" 304 0
INFO 2025-04-13 21:29:14,766 basehttp 4492 8432 "GET /static/admin/css/login.css HTTP/1.1" 304 0
INFO 2025-04-13 21:29:14,766 basehttp 4492 4540 "GET /static/admin/css/responsive.css HTTP/1.1" 304 0
INFO 2025-04-13 21:29:14,767 basehttp 4492 3344 "GET /static/admin/js/theme.js HTTP/1.1" 304 0
INFO 2025-04-13 21:29:14,786 basehttp 4492 3344 "GET /static/admin/js/nav_sidebar.js HTTP/1.1" 304 0
INFO 2025-04-13 21:29:25,296 basehttp 4492 3344 "POST /admin/login/?next=/admin/ HTTP/1.1" 302 0
INFO 2025-04-13 21:29:25,323 basehttp 4492 3344 "GET /admin/ HTTP/1.1" 200 7257
INFO 2025-04-13 21:29:25,441 basehttp 4492 3344 "GET /static/admin/css/dashboard.css HTTP/1.1" 200 441
INFO 2025-04-13 21:29:25,453 basehttp 4492 3344 "GET /static/admin/img/icon-addlink.svg HTTP/1.1" 200 331
INFO 2025-04-13 21:29:25,454 basehttp 4492 4540 "GET /static/admin/img/icon-changelink.svg HTTP/1.1" 200 380
INFO 2025-04-13 21:29:32,659 basehttp 4492 4540 "GET /admin/participants/participant/ HTTP/1.1" 200 13309
INFO 2025-04-13 21:29:32,707 basehttp 4492 4540 "GET /static/admin/css/changelists.css HTTP/1.1" 200 6878
INFO 2025-04-13 21:29:32,721 basehttp 4492 4540 "GET /static/admin/js/actions.js HTTP/1.1" 200 8076
INFO 2025-04-13 21:29:32,723 basehttp 4492 5200 "GET /static/admin/js/jquery.init.js HTTP/1.1" 200 347
INFO 2025-04-13 21:29:32,724 basehttp 4492 7088 "GET /static/admin/js/core.js HTTP/1.1" 200 6208
INFO 2025-04-13 21:29:32,726 basehttp 4492 7488 "GET /static/admin/js/admin/RelatedObjectLookups.js HTTP/1.1" 200 9777
INFO 2025-04-13 21:29:32,732 basehttp 4492 5200 "GET /static/admin/js/prepopulate.js HTTP/1.1" 200 1531
INFO 2025-04-13 21:29:32,732 basehttp 4492 4540 "GET /static/admin/js/urlify.js HTTP/1.1" 200 7887
INFO 2025-04-13 21:29:32,734 basehttp 4492 3344 "GET /admin/jsi18n/ HTTP/1.1" 200 3342
INFO 2025-04-13 21:29:32,737 basehttp 4492 7488 "GET /static/admin/img/search.svg HTTP/1.1" 200 458
INFO 2025-04-13 21:29:32,738 basehttp 4492 8432 "GET /static/admin/js/vendor/jquery/jquery.js HTTP/1.1" 200 285314
INFO 2025-04-13 21:29:32,742 basehttp 4492 7088 "GET /static/admin/js/vendor/xregexp/xregexp.js HTTP/1.1" 200 325171
INFO 2025-04-13 21:29:32,750 basehttp 4492 7088 "GET /static/admin/js/filters.js HTTP/1.1" 200 978
INFO 2025-04-13 21:29:32,792 basehttp 4492 7088 "GET /static/admin/img/tooltag-add.svg HTTP/1.1" 200 331
INFO 2025-04-13 21:29:32,792 basehttp 4492 8432 "GET /static/admin/img/sorting-icons.svg HTTP/1.1" 200 1097
INFO 2025-04-13 21:29:32,792 basehttp 4492 7488 "GET /static/admin/img/icon-viewlink.svg HTTP/1.1" 200 581
INFO 2025-04-13 21:29:45,032 basehttp 4492 7488 "POST /admin/participants/participant/ HTTP/1.1" 200 8511
INFO 2025-04-13 21:29:45,074 basehttp 4492 7488 "GET /static/admin/js/cancel.js HTTP/1.1" 200 884
INFO 2025-04-13 21:29:46,346 basehttp 4492 7488 "POST /admin/participants/participant/ HTTP/1.1" 302 0
INFO 2025-04-13 21:29:46,368 basehttp 4492 7488 "GET /admin/participants/participant/ HTTP/1.1" 200 10420
INFO 2025-04-13 21:29:46,418 basehttp 4492 7488 "GET /admin/jsi18n/ HTTP/1.1" 200 3342
INFO 2025-04-13 21:29:46,444 basehttp 4492 7488 "GET /static/admin/img/icon-yes.svg HTTP/1.1" 200 436
INFO 2025-04-13 21:29:51,583 basehttp 4492 7488 "GET /participants/ HTTP/1.1" 200 8884
INFO 2025-04-13 21:29:57,880 basehttp 4492 7488 "GET /admin/participants/participant/add/ HTTP/1.1" 200 12375
INFO 2025-04-13 21:29:57,930 basehttp 4492 7488 "GET /static/admin/css/forms.css HTTP/1.1" 200 8525
INFO 2025-04-13 21:29:57,939 basehttp 4492 7088 "GET /static/admin/js/prepopulate_init.js HTTP/1.1" 200 586
INFO 2025-04-13 21:29:57,939 basehttp 4492 8432 "GET /admin/jsi18n/ HTTP/1.1" 200 3342
INFO 2025-04-13 21:29:57,942 basehttp 4492 7488 "GET /static/admin/css/widgets.css HTTP/1.1" 200 11991
INFO 2025-04-13 21:29:57,946 basehttp 4492 7488 "GET /static/admin/js/change_form.js HTTP/1.1" 200 606
INFO 2025-04-13 21:31:52,296 basehttp 4492 7488 "GET /participants/registration/ HTTP/1.1" 200 13464
INFO 2025-04-13 21:32:00,026 basehttp 4492 7488 "GET /participants/registration/ HTTP/1.1" 200 13464
INFO 2025-04-13 21:32:01,885 basehttp 4492 7488 "GET /participants/registration/ HTTP/1.1" 200 13464
INFO 2025-04-13 21:32:03,385 basehttp 4492 7488 "GET / HTTP/1.1" 200 24413
INFO 2025-04-13 21:32:14,114 basehttp 4492 7488 "GET /admin/auth/group/ HTTP/1.1" 200 8649
INFO 2025-04-13 21:32:14,167 basehttp 4492 8432 "GET /static/admin/css/dark_mode.css HTTP/1.1" 304 0
INFO 2025-04-13 21:32:14,168 basehttp 4492 7488 "GET /static/admin/css/base.css HTTP/1.1" 304 0
INFO 2025-04-13 21:32:14,168 basehttp 4492 7088 "GET /static/admin/js/theme.js HTTP/1.1" 304 0
INFO 2025-04-13 21:32:14,168 basehttp 4492 4540 "GET /static/admin/css/changelists.css HTTP/1.1" 304 0
INFO 2025-04-13 21:32:14,168 basehttp 4492 3344 "GET /static/admin/css/nav_sidebar.css HTTP/1.1" 304 0
INFO 2025-04-13 21:32:14,178 basehttp 4492 8432 "GET /static/admin/css/responsive.css HTTP/1.1" 304 0
INFO 2025-04-13 21:32:14,178 basehttp 4492 7488 "GET /static/admin/js/vendor/jquery/jquery.js HTTP/1.1" 304 0
INFO 2025-04-13 21:32:14,179 basehttp 4492 7088 "GET /static/admin/js/core.js HTTP/1.1" 304 0
INFO 2025-04-13 21:32:14,181 basehttp 4492 4540 "GET /static/admin/js/admin/RelatedObjectLookups.js HTTP/1.1" 304 0
INFO 2025-04-13 21:32:14,182 basehttp 4492 3344 "GET /static/admin/js/jquery.init.js HTTP/1.1" 304 0
INFO 2025-04-13 21:32:14,185 basehttp 4492 5200 "GET /admin/jsi18n/ HTTP/1.1" 200 3342
INFO 2025-04-13 21:32:14,186 basehttp 4492 8432 "GET /static/admin/js/actions.js HTTP/1.1" 304 0
INFO 2025-04-13 21:32:14,188 basehttp 4492 7488 "GET /static/admin/js/urlify.js HTTP/1.1" 304 0
INFO 2025-04-13 21:32:14,190 basehttp 4492 7088 "GET /static/admin/js/prepopulate.js HTTP/1.1" 304 0
INFO 2025-04-13 21:32:14,190 basehttp 4492 4540 "GET /static/admin/js/vendor/xregexp/xregexp.js HTTP/1.1" 304 0
INFO 2025-04-13 21:32:14,192 basehttp 4492 8432 "GET /static/admin/img/search.svg HTTP/1.1" 304 0
INFO 2025-04-13 21:32:14,206 basehttp 4492 8432 "GET /static/admin/js/nav_sidebar.js HTTP/1.1" 304 0
INFO 2025-04-13 21:32:14,206 basehttp 4492 4540 "GET /static/admin/js/filters.js HTTP/1.1" 304 0
INFO 2025-04-13 21:32:14,226 basehttp 4492 8432 "GET /static/admin/img/tooltag-add.svg HTTP/1.1" 304 0
INFO 2025-04-13 21:32:14,226 basehttp 4492 4540 "GET /static/admin/img/icon-addlink.svg HTTP/1.1" 304 0
INFO 2025-04-13 21:32:16,243 basehttp 4492 4540 "GET /admin/auth/user/ HTTP/1.1" 200 13172
INFO 2025-04-13 21:32:16,282 basehttp 4492 4540 "GET /admin/jsi18n/ HTTP/1.1" 200 3342
INFO 2025-04-13 21:32:16,300 basehttp 4492 8432 "GET /static/admin/img/icon-viewlink.svg HTTP/1.1" 304 0
INFO 2025-04-13 21:32:16,301 basehttp 4492 4540 "GET /static/admin/img/sorting-icons.svg HTTP/1.1" 304 0
INFO 2025-04-13 21:32:56,537 basehttp 4492 4540 "GET /admin/auth/group/ HTTP/1.1" 200 8649
INFO 2025-04-13 21:32:56,713 basehttp 4492 4540 "GET /admin/jsi18n/ HTTP/1.1" 200 3342
INFO 2025-04-13 21:32:58,183 basehttp 4492 4540 "GET /admin/auth/group/?q= HTTP/1.1" 200 8680
INFO 2025-04-13 21:32:58,233 basehttp 4492 4540 "GET /admin/jsi18n/ HTTP/1.1" 200 3342
INFO 2025-04-13 21:33:00,825 basehttp 4492 4540 "GET /admin/auth/ HTTP/1.1" 200 6128
INFO 2025-04-13 21:33:00,861 basehttp 4492 4540 "GET /static/admin/css/dashboard.css HTTP/1.1" 304 0
INFO 2025-04-13 21:33:00,880 basehttp 4492 4540 "GET /static/admin/img/icon-changelink.svg HTTP/1.1" 304 0
INFO 2025-04-13 21:33:03,606 basehttp 4492 4540 "GET /admin/auth/group/?q= HTTP/1.1" 200 8680
INFO 2025-04-13 21:33:04,456 basehttp 4492 4540 "GET /admin/participants/participant/ HTTP/1.1" 200 10279
INFO 2025-04-13 21:33:04,507 basehttp 4492 4540 "GET /admin/jsi18n/ HTTP/1.1" 200 3342
INFO 2025-04-13 21:33:07,714 basehttp 4492 4540 "GET /admin/participants/participant/add/ HTTP/1.1" 200 12375
INFO 2025-04-13 21:33:07,753 basehttp 4492 4540 "GET /static/admin/css/forms.css HTTP/1.1" 304 0
INFO 2025-04-13 21:33:07,763 basehttp 4492 8432 "GET /static/admin/js/prepopulate_init.js HTTP/1.1" 304 0
INFO 2025-04-13 21:33:07,769 basehttp 4492 8432 "GET /static/admin/css/widgets.css HTTP/1.1" 304 0
INFO 2025-04-13 21:33:07,769 basehttp 4492 4540 "GET /admin/jsi18n/ HTTP/1.1" 200 3342
INFO 2025-04-13 21:33:07,811 basehttp 4492 4540 "GET /static/admin/js/change_form.js HTTP/1.1" 304 0
INFO 2025-04-13 21:33:12,926 basehttp 4492 4540 "GET /admin/participants/participant/ HTTP/1.1" 200 10279
INFO 2025-04-13 21:35:58,770 basehttp 4492 4540 "GET /admin/participants/participant/ HTTP/1.1" 200 10279
INFO 2025-04-13 21:35:58,807 basehttp 4492 4540 "GET /static/admin/css/base.css HTTP/1.1" 304 0
INFO 2025-04-13 21:35:58,808 basehttp 4492 8432 "GET /static/admin/css/dark_mode.css HTTP/1.1" 304 0
INFO 2025-04-13 21:35:58,809 basehttp 4492 7088 "GET /static/admin/js/theme.js HTTP/1.1" 304 0
INFO 2025-04-13 21:35:58,816 basehttp 4492 4540 "GET /static/admin/css/nav_sidebar.css HTTP/1.1" 304 0
INFO 2025-04-13 21:35:58,817 basehttp 4492 7488 "GET /static/admin/css/changelists.css HTTP/1.1" 304 0
INFO 2025-04-13 21:35:58,818 basehttp 4492 5200 "GET /static/admin/js/jquery.init.js HTTP/1.1" 304 0
INFO 2025-04-13 21:35:58,819 basehttp 4492 3344 "GET /static/admin/js/core.js HTTP/1.1" 304 0
INFO 2025-04-13 21:35:58,820 basehttp 4492 8432 "GET /static/admin/js/vendor/jquery/jquery.js HTTP/1.1" 304 0
INFO 2025-04-13 21:35:58,822 basehttp 4492 4540 "GET /static/admin/css/responsive.css HTTP/1.1" 304 0
INFO 2025-04-13 21:35:58,826 basehttp 4492 7488 "GET /static/admin/js/admin/RelatedObjectLookups.js HTTP/1.1" 304 0
INFO 2025-04-13 21:35:58,828 basehttp 4492 3344 "GET /static/admin/js/actions.js HTTP/1.1" 304 0
INFO 2025-04-13 21:35:58,829 basehttp 4492 5200 "GET /static/admin/js/urlify.js HTTP/1.1" 304 0
INFO 2025-04-13 21:35:58,830 basehttp 4492 4540 "GET /static/admin/js/vendor/xregexp/xregexp.js HTTP/1.1" 304 0
INFO 2025-04-13 21:35:58,831 basehttp 4492 8432 "GET /static/admin/js/prepopulate.js HTTP/1.1" 304 0
INFO 2025-04-13 21:35:58,833 basehttp 4492 3344 "GET /static/admin/img/search.svg HTTP/1.1" 304 0
INFO 2025-04-13 21:35:58,833 basehttp 4492 7088 "GET /admin/jsi18n/ HTTP/1.1" 200 3342
INFO 2025-04-13 21:35:58,839 basehttp 4492 7088 "GET /static/admin/js/nav_sidebar.js HTTP/1.1" 304 0
INFO 2025-04-13 21:35:58,840 basehttp 4492 3344 "GET /static/admin/js/filters.js HTTP/1.1" 304 0
INFO 2025-04-13 21:35:58,857 basehttp 4492 8432 "GET /static/admin/img/icon-viewlink.svg HTTP/1.1" 304 0
INFO 2025-04-13 21:35:58,858 basehttp 4492 7088 "GET /static/admin/img/tooltag-add.svg HTTP/1.1" 304 0
INFO 2025-04-13 21:35:58,858 basehttp 4492 3344 "GET /static/admin/img/icon-addlink.svg HTTP/1.1" 304 0
